<?xml version="1.0" encoding="UTF-8"?>
<testng-results skipped="1" failed="1" total="2" passed="0">
  <reporter-output>
  </reporter-output>
  <suite name="IDEAL  - Details Test Suite" duration-ms="23913" started-at="2016-09-21T11:28:54Z" finished-at="2016-09-21T11:29:18Z">
    <groups>
    </groups>
    <test name="SetUp Scripts" duration-ms="7" started-at="2016-09-21T11:28:54Z" finished-at="2016-09-21T11:28:54Z">
    </test> <!-- SetUp Scripts -->
    <test name="TestLogin" duration-ms="27" started-at="2016-09-21T11:28:54Z" finished-at="2016-09-21T11:28:54Z">
      <class name="com.ideal.selenium.pages.tests.TestLogin">
        <test-method status="SKIP" signature="checkLogin()[pri:0, instance:com.ideal.selenium.pages.tests.TestLogin@6aaa5eb0]" name="checkLogin" duration-ms="18" started-at="2016-09-21T16:58:54Z" description="Login " finished-at="2016-09-21T16:58:54Z">
          <exception class="org.testng.SkipException">
            <message>
              <![CDATA[Test execution is set to NO for reason:No reason specified]]>
            </message>
            <full-stacktrace>
              <![CDATA[org.testng.SkipException: Test execution is set to NO for reason:No reason specified
	at com.ideal.selenium.pages.tests.TestLogin.checkLogin(TestLogin.java:24)
	at sun.reflect.NativeMethodAccessorImpl.invoke0(Native Method)
	at sun.reflect.NativeMethodAccessorImpl.invoke(Unknown Source)
	at sun.reflect.DelegatingMethodAccessorImpl.invoke(Unknown Source)
	at java.lang.reflect.Method.invoke(Unknown Source)
	at org.testng.internal.MethodInvocationHelper.invokeMethod(MethodInvocationHelper.java:86)
	at org.testng.internal.Invoker.invokeMethod(Invoker.java:643)
	at org.testng.internal.Invoker.invokeTestMethod(Invoker.java:820)
	at org.testng.internal.Invoker.invokeTestMethods(Invoker.java:1128)
	at org.testng.internal.TestMethodWorker.invokeTestMethods(TestMethodWorker.java:129)
	at org.testng.internal.TestMethodWorker.run(TestMethodWorker.java:112)
	at org.testng.TestRunner.privateRun(TestRunner.java:782)
	at org.testng.TestRunner.run(TestRunner.java:632)
	at org.testng.SuiteRunner.runTest(SuiteRunner.java:366)
	at org.testng.SuiteRunner.runSequentially(SuiteRunner.java:361)
	at org.testng.SuiteRunner.privateRun(SuiteRunner.java:319)
	at org.testng.SuiteRunner.run(SuiteRunner.java:268)
	at org.testng.SuiteRunnerWorker.runSuite(SuiteRunnerWorker.java:52)
	at org.testng.SuiteRunnerWorker.run(SuiteRunnerWorker.java:86)
	at org.testng.TestNG.runSuitesSequentially(TestNG.java:1244)
	at org.testng.TestNG.runSuitesLocally(TestNG.java:1169)
	at org.testng.TestNG.run(TestNG.java:1064)
	at org.testng.remote.RemoteTestNG.run(RemoteTestNG.java:113)
	at org.testng.remote.RemoteTestNG.initAndRun(RemoteTestNG.java:206)
	at org.testng.remote.RemoteTestNG.main(RemoteTestNG.java:177)
]]>
            </full-stacktrace>
          </exception> <!-- org.testng.SkipException -->
          <reporter-output>
          </reporter-output>
        </test-method> <!-- checkLogin -->
      </class> <!-- com.ideal.selenium.pages.tests.TestLogin -->
    </test> <!-- TestLogin -->
    <test name="TestResource_Request_Form " duration-ms="23841" started-at="2016-09-21T11:28:54Z" finished-at="2016-09-21T11:29:18Z">
      <class name="com.ideal.selenium.pages.tests.TestResource_Request_Form">
        <test-method status="PASS" signature="initDBPageBeforeTest()[pri:0, instance:com.ideal.selenium.pages.tests.TestResource_Request_Form@6dab9b6d]" name="initDBPageBeforeTest" is-config="true" duration-ms="14724" started-at="2016-09-21T16:58:54Z" finished-at="2016-09-21T16:59:09Z">
          <reporter-output>
          </reporter-output>
        </test-method> <!-- initDBPageBeforeTest -->
        <test-method status="PASS" signature="beforeMethodRRFPage()[pri:0, instance:com.ideal.selenium.pages.tests.TestResource_Request_Form@6dab9b6d]" name="beforeMethodRRFPage" is-config="true" duration-ms="1512" started-at="2016-09-21T16:59:09Z" finished-at="2016-09-21T16:59:10Z">
          <reporter-output>
          </reporter-output>
        </test-method> <!-- beforeMethodRRFPage -->
        <test-method status="FAIL" signature="CreateRRF()[pri:0, instance:com.ideal.selenium.pages.tests.TestResource_Request_Form@6dab9b6d]" name="CreateRRF" duration-ms="7214" started-at="2016-09-21T16:59:10Z" description="RRF Creation" finished-at="2016-09-21T16:59:18Z">
          <exception class="java.lang.NullPointerException">
            <full-stacktrace>
              <![CDATA[java.lang.NullPointerException
	at com.ideal.selenium.pages.tests.TestResource_Request_Form.CreateRRF(TestResource_Request_Form.java:176)
	at sun.reflect.NativeMethodAccessorImpl.invoke0(Native Method)
	at sun.reflect.NativeMethodAccessorImpl.invoke(Unknown Source)
	at sun.reflect.DelegatingMethodAccessorImpl.invoke(Unknown Source)
	at java.lang.reflect.Method.invoke(Unknown Source)
	at org.testng.internal.MethodInvocationHelper.invokeMethod(MethodInvocationHelper.java:86)
	at org.testng.internal.Invoker.invokeMethod(Invoker.java:643)
	at org.testng.internal.Invoker.invokeTestMethod(Invoker.java:820)
	at org.testng.internal.Invoker.invokeTestMethods(Invoker.java:1128)
	at org.testng.internal.TestMethodWorker.invokeTestMethods(TestMethodWorker.java:129)
	at org.testng.internal.TestMethodWorker.run(TestMethodWorker.java:112)
	at org.testng.TestRunner.privateRun(TestRunner.java:782)
	at org.testng.TestRunner.run(TestRunner.java:632)
	at org.testng.SuiteRunner.runTest(SuiteRunner.java:366)
	at org.testng.SuiteRunner.runSequentially(SuiteRunner.java:361)
	at org.testng.SuiteRunner.privateRun(SuiteRunner.java:319)
	at org.testng.SuiteRunner.run(SuiteRunner.java:268)
	at org.testng.SuiteRunnerWorker.runSuite(SuiteRunnerWorker.java:52)
	at org.testng.SuiteRunnerWorker.run(SuiteRunnerWorker.java:86)
	at org.testng.TestNG.runSuitesSequentially(TestNG.java:1244)
	at org.testng.TestNG.runSuitesLocally(TestNG.java:1169)
	at org.testng.TestNG.run(TestNG.java:1064)
	at org.testng.remote.RemoteTestNG.run(RemoteTestNG.java:113)
	at org.testng.remote.RemoteTestNG.initAndRun(RemoteTestNG.java:206)
	at org.testng.remote.RemoteTestNG.main(RemoteTestNG.java:177)
]]>
            </full-stacktrace>
          </exception> <!-- java.lang.NullPointerException -->
          <reporter-output>
          </reporter-output>
        </test-method> <!-- CreateRRF -->
      </class> <!-- com.ideal.selenium.pages.tests.TestResource_Request_Form -->
      <class name="com.ideal.selenium.pages.tests.initializeStop">
        <test-method status="PASS" signature="initBrowser()[pri:0, instance:com.ideal.selenium.pages.tests.initializeStop@3b6eb2ec]" name="initBrowser" is-config="true" duration-ms="13" started-at="2016-09-21T16:58:54Z" finished-at="2016-09-21T16:58:54Z">
          <reporter-output>
          </reporter-output>
        </test-method> <!-- initBrowser -->
        <test-method status="PASS" signature="stop()[pri:0, instance:com.ideal.selenium.pages.tests.initializeStop@3b6eb2ec]" name="stop" is-config="true" duration-ms="1073" started-at="2016-09-21T16:59:18Z" finished-at="2016-09-21T16:59:19Z">
          <reporter-output>
          </reporter-output>
        </test-method> <!-- stop -->
      </class> <!-- com.ideal.selenium.pages.tests.initializeStop -->
    </test> <!-- TestResource_Request_Form  -->
  </suite> <!-- IDEAL  - Details Test Suite -->
</testng-results>
