<?xml version="1.0" encoding="UTF-8"?>
<!-- Generated by org.testng.reporters.JUnitXMLReporter -->
<testsuite hostname="HTJD7L7R1" name="TestResource_Request_Form" tests="1" failures="0" timestamp="20 Sep 2016 10:56:40 GMT" time="13.016" errors="0">
  <testcase name="@BeforeTest initDBPageBeforeTest" time="0.0" classname="com.ideal.selenium.pages.tests.TestResource_Request_Form">
    <failure type="java.lang.NullPointerException">
      <![CDATA[java.lang.NullPointerException
	at com.ideal.selenium.po.HomePage.Login(HomePage.java:57)
	at com.ideal.selenium.pages.tests.TestResource_Request_Form.initDBPageBeforeTest(TestResource_Request_Form.java:37)
... Removed 22 stack frames]]>
    </failure>
  </testcase> <!-- @BeforeTest initDBPageBeforeTest -->
  <testcase name="CreateRRF" time="0.0" classname="com.ideal.selenium.pages.tests.TestResource_Request_Form">
    <skipped/>
  </testcase> <!-- CreateRRF -->
</testsuite> <!-- TestResource_Request_Form -->
