<?xml version="1.0" encoding="UTF-8"?>
<!-- Generated by org.testng.reporters.JUnitXMLReporter -->
<testsuite hostname="HTJD7L7R1" name="TestResource_Request_Form " tests="1" failures="1" timestamp="21 Sep 2016 11:29:18 GMT" time="23.841" errors="0">
  <testcase name="CreateRRF" time="7.214" classname="com.ideal.selenium.pages.tests.TestResource_Request_Form">
    <failure type="java.lang.NullPointerException">
      <![CDATA[java.lang.NullPointerException
	at com.ideal.selenium.pages.tests.TestResource_Request_Form.CreateRRF(TestResource_Request_Form.java:176)
... Removed 24 stack frames]]>
    </failure>
  </testcase> <!-- CreateRRF -->
</testsuite> <!-- TestResource_Request_Form  -->
